2025-03-14 02:08:17	D:\Projects\DokuWikiStick\dokuwiki\lib\plugins\toctweak\action\rendertoc.php(217)	TypeError: Cannot access offset of type string on string
  #0 D:\Projects\DokuWikiStick\dokuwiki\inc\Extension\EventHandler.php(80): action_plugin_toctweak_rendertoc->handleContentDisplay()
  #1 D:\Projects\DokuWikiStick\dokuwiki\inc\Extension\Event.php(75): dokuwiki\Extension\EventHandler->process_event()
  #2 D:\Projects\DokuWikiStick\dokuwiki\inc\Extension\Event.php(133): dokuwiki\Extension\Event->advise_before()
  #3 D:\Projects\DokuWikiStick\dokuwiki\inc\Extension\Event.php(200): dokuwiki\Extension\Event->trigger()
  #4 D:\Projects\DokuWikiStick\dokuwiki\inc\template.php(104): dokuwiki\Extension\Event::createAndTrigger()
  #5 D:\Projects\DokuWikiStick\dokuwiki\lib\tpl\kiwiki\partial\content.php(56): tpl_content()
  #6 D:\Projects\DokuWikiStick\dokuwiki\lib\tpl\kiwiki\main.php(77): include('...')
  #7 D:\Projects\DokuWikiStick\dokuwiki\inc\actions.php(30): include('...')
  #8 D:\Projects\DokuWikiStick\dokuwiki\doku.php(131): act_dispatch()
  #9 {main}
2025-03-14 02:08:18	D:\Projects\DokuWikiStick\dokuwiki\lib\plugins\toctweak\action\rendertoc.php(217)	TypeError: Cannot access offset of type string on string
  #0 D:\Projects\DokuWikiStick\dokuwiki\inc\Extension\EventHandler.php(80): action_plugin_toctweak_rendertoc->handleContentDisplay()
  #1 D:\Projects\DokuWikiStick\dokuwiki\inc\Extension\Event.php(75): dokuwiki\Extension\EventHandler->process_event()
  #2 D:\Projects\DokuWikiStick\dokuwiki\inc\Extension\Event.php(133): dokuwiki\Extension\Event->advise_before()
  #3 D:\Projects\DokuWikiStick\dokuwiki\inc\Extension\Event.php(200): dokuwiki\Extension\Event->trigger()
  #4 D:\Projects\DokuWikiStick\dokuwiki\inc\template.php(104): dokuwiki\Extension\Event::createAndTrigger()
  #5 D:\Projects\DokuWikiStick\dokuwiki\lib\tpl\kiwiki\partial\content.php(56): tpl_content()
  #6 D:\Projects\DokuWikiStick\dokuwiki\lib\tpl\kiwiki\main.php(77): include('...')
  #7 D:\Projects\DokuWikiStick\dokuwiki\inc\actions.php(30): include('...')
  #8 D:\Projects\DokuWikiStick\dokuwiki\doku.php(131): act_dispatch()
  #9 {main}
2025-03-14 02:08:20	D:\Projects\DokuWikiStick\dokuwiki\lib\plugins\toctweak\action\rendertoc.php(217)	TypeError: Cannot access offset of type string on string
  #0 D:\Projects\DokuWikiStick\dokuwiki\inc\Extension\EventHandler.php(80): action_plugin_toctweak_rendertoc->handleContentDisplay()
  #1 D:\Projects\DokuWikiStick\dokuwiki\inc\Extension\Event.php(75): dokuwiki\Extension\EventHandler->process_event()
  #2 D:\Projects\DokuWikiStick\dokuwiki\inc\Extension\Event.php(133): dokuwiki\Extension\Event->advise_before()
  #3 D:\Projects\DokuWikiStick\dokuwiki\inc\Extension\Event.php(200): dokuwiki\Extension\Event->trigger()
  #4 D:\Projects\DokuWikiStick\dokuwiki\inc\template.php(104): dokuwiki\Extension\Event::createAndTrigger()
  #5 D:\Projects\DokuWikiStick\dokuwiki\lib\tpl\kiwiki\partial\content.php(56): tpl_content()
  #6 D:\Projects\DokuWikiStick\dokuwiki\lib\tpl\kiwiki\main.php(77): include('...')
  #7 D:\Projects\DokuWikiStick\dokuwiki\inc\actions.php(30): include('...')
  #8 D:\Projects\DokuWikiStick\dokuwiki\doku.php(131): act_dispatch()
  #9 {main}
2025-03-14 02:08:23	D:\Projects\DokuWikiStick\dokuwiki\lib\plugins\toctweak\action\rendertoc.php(217)	TypeError: Cannot access offset of type string on string
  #0 D:\Projects\DokuWikiStick\dokuwiki\inc\Extension\EventHandler.php(80): action_plugin_toctweak_rendertoc->handleContentDisplay()
  #1 D:\Projects\DokuWikiStick\dokuwiki\inc\Extension\Event.php(75): dokuwiki\Extension\EventHandler->process_event()
  #2 D:\Projects\DokuWikiStick\dokuwiki\inc\Extension\Event.php(133): dokuwiki\Extension\Event->advise_before()
  #3 D:\Projects\DokuWikiStick\dokuwiki\inc\Extension\Event.php(200): dokuwiki\Extension\Event->trigger()
  #4 D:\Projects\DokuWikiStick\dokuwiki\inc\template.php(104): dokuwiki\Extension\Event::createAndTrigger()
  #5 D:\Projects\DokuWikiStick\dokuwiki\lib\tpl\kiwiki\partial\content.php(56): tpl_content()
  #6 D:\Projects\DokuWikiStick\dokuwiki\lib\tpl\kiwiki\main.php(77): include('...')
  #7 D:\Projects\DokuWikiStick\dokuwiki\inc\actions.php(30): include('...')
  #8 D:\Projects\DokuWikiStick\dokuwiki\doku.php(131): act_dispatch()
  #9 {main}
2025-03-14 03:00:53	D:\Projects\DokuWikiStick\dokuwiki\inc\JpegMeta.php(3183)	E_WARNING: JPEGMeta failed parsing image metadata of D:/Projects/DokuWikiStick/dokuwiki/data/media/paradise-papers-artwork-1600w.jpg. Got 22 instead of 29 bytes at offset 0.
  #0 D:\Projects\DokuWikiStick\dokuwiki\inc\JpegMeta.php(1574): JpegMeta->_getFixedString()
  #1 D:\Projects\DokuWikiStick\dokuwiki\inc\JpegMeta.php(345): JpegMeta->_parseMarkerXmp()
  #2 D:\Projects\DokuWikiStick\dokuwiki\inc\JpegMeta.php(152): JpegMeta->getXmpField()
  #3 D:\Projects\DokuWikiStick\dokuwiki\inc\Ui\Media\DisplayRow.php(71): JpegMeta->getField()
  #4 D:\Projects\DokuWikiStick\dokuwiki\inc\Ui\Media\DisplayRow.php(51): dokuwiki\Ui\Media\DisplayRow->showDetails()
  #5 D:\Projects\DokuWikiStick\dokuwiki\inc\media.php(752): dokuwiki\Ui\Media\DisplayRow->show()
  #6 D:\Projects\DokuWikiStick\dokuwiki\inc\template.php(1424): media_filelist()
  #7 D:\Projects\DokuWikiStick\dokuwiki\lib\tpl\dokuwiki\mediamanager.php(41): tpl_mediaContent()
  #8 D:\Projects\DokuWikiStick\dokuwiki\lib\exe\mediamanager.php(130): include('...')
  #9 {main}
2025-03-14 03:00:59	D:\Projects\DokuWikiStick\dokuwiki\inc\JpegMeta.php(3183)	E_WARNING: JPEGMeta failed parsing image metadata of D:/Projects/DokuWikiStick/dokuwiki/data/media/paradise-papers-artwork-1600w.jpg. Got 22 instead of 29 bytes at offset 0.
  #0 D:\Projects\DokuWikiStick\dokuwiki\inc\JpegMeta.php(1574): JpegMeta->_getFixedString()
  #1 D:\Projects\DokuWikiStick\dokuwiki\inc\JpegMeta.php(345): JpegMeta->_parseMarkerXmp()
  #2 D:\Projects\DokuWikiStick\dokuwiki\inc\JpegMeta.php(152): JpegMeta->getXmpField()
  #3 D:\Projects\DokuWikiStick\dokuwiki\inc\Ui\Media\DisplayRow.php(71): JpegMeta->getField()
  #4 D:\Projects\DokuWikiStick\dokuwiki\inc\Ui\Media\DisplayRow.php(51): dokuwiki\Ui\Media\DisplayRow->showDetails()
  #5 D:\Projects\DokuWikiStick\dokuwiki\inc\media.php(752): dokuwiki\Ui\Media\DisplayRow->show()
  #6 D:\Projects\DokuWikiStick\dokuwiki\inc\template.php(1424): media_filelist()
  #7 D:\Projects\DokuWikiStick\dokuwiki\inc\Ajax.php(224): tpl_mediaContent()
  #8 D:\Projects\DokuWikiStick\dokuwiki\inc\Ajax.php(28): dokuwiki\Ajax->callMedialist()
  #9 D:\Projects\DokuWikiStick\dokuwiki\lib\exe\ajax.php(26): dokuwiki\Ajax->__construct()
  #10 {main}
2025-03-14 03:01:05	D:\Projects\DokuWikiStick\dokuwiki\inc\JpegMeta.php(3183)	E_WARNING: JPEGMeta failed parsing image metadata of D:/Projects/DokuWikiStick/dokuwiki/data/media/paradise-papers-artwork-1600w.jpg. Got 22 instead of 29 bytes at offset 0.
  #0 D:\Projects\DokuWikiStick\dokuwiki\inc\JpegMeta.php(1574): JpegMeta->_getFixedString()
  #1 D:\Projects\DokuWikiStick\dokuwiki\inc\JpegMeta.php(345): JpegMeta->_parseMarkerXmp()
  #2 D:\Projects\DokuWikiStick\dokuwiki\inc\JpegMeta.php(152): JpegMeta->getXmpField()
  #3 D:\Projects\DokuWikiStick\dokuwiki\inc\Ui\Media\DisplayRow.php(71): JpegMeta->getField()
  #4 D:\Projects\DokuWikiStick\dokuwiki\inc\Ui\Media\DisplayRow.php(51): dokuwiki\Ui\Media\DisplayRow->showDetails()
  #5 D:\Projects\DokuWikiStick\dokuwiki\inc\media.php(752): dokuwiki\Ui\Media\DisplayRow->show()
  #6 D:\Projects\DokuWikiStick\dokuwiki\inc\template.php(1424): media_filelist()
  #7 D:\Projects\DokuWikiStick\dokuwiki\lib\tpl\dokuwiki\mediamanager.php(41): tpl_mediaContent()
  #8 D:\Projects\DokuWikiStick\dokuwiki\lib\exe\mediamanager.php(130): include('...')
  #9 {main}
2025-03-14 03:04:43	D:\Projects\DokuWikiStick\dokuwiki\inc\JpegMeta.php(3183)	E_WARNING: JPEGMeta failed parsing image metadata of D:/Projects/DokuWikiStick/dokuwiki/data/media/paradise-papers-artwork-1600w.jpg. Got 22 instead of 29 bytes at offset 0.
  #0 D:\Projects\DokuWikiStick\dokuwiki\inc\JpegMeta.php(1574): JpegMeta->_getFixedString()
  #1 D:\Projects\DokuWikiStick\dokuwiki\inc\JpegMeta.php(345): JpegMeta->_parseMarkerXmp()
  #2 D:\Projects\DokuWikiStick\dokuwiki\inc\JpegMeta.php(152): JpegMeta->getXmpField()
  #3 D:\Projects\DokuWikiStick\dokuwiki\inc\Ui\Media\DisplayRow.php(71): JpegMeta->getField()
  #4 D:\Projects\DokuWikiStick\dokuwiki\inc\Ui\Media\DisplayRow.php(51): dokuwiki\Ui\Media\DisplayRow->showDetails()
  #5 D:\Projects\DokuWikiStick\dokuwiki\inc\media.php(752): dokuwiki\Ui\Media\DisplayRow->show()
  #6 D:\Projects\DokuWikiStick\dokuwiki\inc\template.php(1424): media_filelist()
  #7 D:\Projects\DokuWikiStick\dokuwiki\lib\tpl\dokuwiki\mediamanager.php(41): tpl_mediaContent()
  #8 D:\Projects\DokuWikiStick\dokuwiki\lib\exe\mediamanager.php(130): include('...')
  #9 {main}
2025-03-14 03:04:48	D:\Projects\DokuWikiStick\dokuwiki\inc\JpegMeta.php(3183)	E_WARNING: JPEGMeta failed parsing image metadata of D:/Projects/DokuWikiStick/dokuwiki/data/media/paradise-papers-artwork-1600w.jpg. Got 22 instead of 29 bytes at offset 0.
  #0 D:\Projects\DokuWikiStick\dokuwiki\inc\JpegMeta.php(1574): JpegMeta->_getFixedString()
  #1 D:\Projects\DokuWikiStick\dokuwiki\inc\JpegMeta.php(345): JpegMeta->_parseMarkerXmp()
  #2 D:\Projects\DokuWikiStick\dokuwiki\inc\JpegMeta.php(152): JpegMeta->getXmpField()
  #3 D:\Projects\DokuWikiStick\dokuwiki\inc\Ui\Media\DisplayRow.php(71): JpegMeta->getField()
  #4 D:\Projects\DokuWikiStick\dokuwiki\inc\Ui\Media\DisplayRow.php(51): dokuwiki\Ui\Media\DisplayRow->showDetails()
  #5 D:\Projects\DokuWikiStick\dokuwiki\inc\media.php(752): dokuwiki\Ui\Media\DisplayRow->show()
  #6 D:\Projects\DokuWikiStick\dokuwiki\inc\template.php(1424): media_filelist()
  #7 D:\Projects\DokuWikiStick\dokuwiki\inc\Ajax.php(224): tpl_mediaContent()
  #8 D:\Projects\DokuWikiStick\dokuwiki\inc\Ajax.php(28): dokuwiki\Ajax->callMedialist()
  #9 D:\Projects\DokuWikiStick\dokuwiki\lib\exe\ajax.php(26): dokuwiki\Ajax->__construct()
  #10 {main}
2025-03-14 03:14:53	D:\Projects\DokuWikiStick\dokuwiki\inc\JpegMeta.php(3183)	E_WARNING: JPEGMeta failed parsing image metadata of D:/Projects/DokuWikiStick/dokuwiki/data/media/paradise-papers-artwork-1600w.jpg. Got 22 instead of 29 bytes at offset 0.
  #0 D:\Projects\DokuWikiStick\dokuwiki\inc\JpegMeta.php(1574): JpegMeta->_getFixedString()
  #1 D:\Projects\DokuWikiStick\dokuwiki\inc\JpegMeta.php(345): JpegMeta->_parseMarkerXmp()
  #2 D:\Projects\DokuWikiStick\dokuwiki\inc\JpegMeta.php(152): JpegMeta->getXmpField()
  #3 D:\Projects\DokuWikiStick\dokuwiki\inc\Ui\Media\DisplayRow.php(71): JpegMeta->getField()
  #4 D:\Projects\DokuWikiStick\dokuwiki\inc\Ui\Media\DisplayRow.php(51): dokuwiki\Ui\Media\DisplayRow->showDetails()
  #5 D:\Projects\DokuWikiStick\dokuwiki\inc\media.php(752): dokuwiki\Ui\Media\DisplayRow->show()
  #6 D:\Projects\DokuWikiStick\dokuwiki\inc\template.php(1424): media_filelist()
  #7 D:\Projects\DokuWikiStick\dokuwiki\lib\tpl\dokuwiki\mediamanager.php(41): tpl_mediaContent()
  #8 D:\Projects\DokuWikiStick\dokuwiki\lib\exe\mediamanager.php(130): include('...')
  #9 {main}
2025-03-14 03:14:58	D:\Projects\DokuWikiStick\dokuwiki\inc\JpegMeta.php(3183)	E_WARNING: JPEGMeta failed parsing image metadata of D:/Projects/DokuWikiStick/dokuwiki/data/media/paradise-papers-artwork-1600w.jpg. Got 22 instead of 29 bytes at offset 0.
  #0 D:\Projects\DokuWikiStick\dokuwiki\inc\JpegMeta.php(1574): JpegMeta->_getFixedString()
  #1 D:\Projects\DokuWikiStick\dokuwiki\inc\JpegMeta.php(345): JpegMeta->_parseMarkerXmp()
  #2 D:\Projects\DokuWikiStick\dokuwiki\inc\JpegMeta.php(152): JpegMeta->getXmpField()
  #3 D:\Projects\DokuWikiStick\dokuwiki\inc\Ui\Media\DisplayRow.php(71): JpegMeta->getField()
  #4 D:\Projects\DokuWikiStick\dokuwiki\inc\Ui\Media\DisplayRow.php(51): dokuwiki\Ui\Media\DisplayRow->showDetails()
  #5 D:\Projects\DokuWikiStick\dokuwiki\inc\media.php(752): dokuwiki\Ui\Media\DisplayRow->show()
  #6 D:\Projects\DokuWikiStick\dokuwiki\inc\template.php(1424): media_filelist()
  #7 D:\Projects\DokuWikiStick\dokuwiki\inc\Ajax.php(224): tpl_mediaContent()
  #8 D:\Projects\DokuWikiStick\dokuwiki\inc\Ajax.php(28): dokuwiki\Ajax->callMedialist()
  #9 D:\Projects\DokuWikiStick\dokuwiki\lib\exe\ajax.php(26): dokuwiki\Ajax->__construct()
  #10 {main}
2025-03-14 06:28:55	D:\Projects\DokuWikiStick\dokuwiki\lib\plugins\toctweak\action\rendertoc.php(217)	TypeError: Cannot access offset of type string on string
  #0 D:\Projects\DokuWikiStick\dokuwiki\inc\Extension\EventHandler.php(80): action_plugin_toctweak_rendertoc->handleContentDisplay()
  #1 D:\Projects\DokuWikiStick\dokuwiki\inc\Extension\Event.php(75): dokuwiki\Extension\EventHandler->process_event()
  #2 D:\Projects\DokuWikiStick\dokuwiki\inc\Extension\Event.php(133): dokuwiki\Extension\Event->advise_before()
  #3 D:\Projects\DokuWikiStick\dokuwiki\inc\Extension\Event.php(200): dokuwiki\Extension\Event->trigger()
  #4 D:\Projects\DokuWikiStick\dokuwiki\inc\template.php(104): dokuwiki\Extension\Event::createAndTrigger()
  #5 D:\Projects\DokuWikiStick\dokuwiki\lib\tpl\kiwiki\partial\content.php(56): tpl_content()
  #6 D:\Projects\DokuWikiStick\dokuwiki\lib\tpl\kiwiki\main.php(77): include('...')
  #7 D:\Projects\DokuWikiStick\dokuwiki\inc\actions.php(30): include('...')
  #8 D:\Projects\DokuWikiStick\dokuwiki\doku.php(131): act_dispatch()
  #9 {main}
2025-03-14 06:28:58	D:\Projects\DokuWikiStick\dokuwiki\lib\plugins\toctweak\action\rendertoc.php(217)	TypeError: Cannot access offset of type string on string
  #0 D:\Projects\DokuWikiStick\dokuwiki\inc\Extension\EventHandler.php(80): action_plugin_toctweak_rendertoc->handleContentDisplay()
  #1 D:\Projects\DokuWikiStick\dokuwiki\inc\Extension\Event.php(75): dokuwiki\Extension\EventHandler->process_event()
  #2 D:\Projects\DokuWikiStick\dokuwiki\inc\Extension\Event.php(133): dokuwiki\Extension\Event->advise_before()
  #3 D:\Projects\DokuWikiStick\dokuwiki\inc\Extension\Event.php(200): dokuwiki\Extension\Event->trigger()
  #4 D:\Projects\DokuWikiStick\dokuwiki\inc\template.php(104): dokuwiki\Extension\Event::createAndTrigger()
  #5 D:\Projects\DokuWikiStick\dokuwiki\lib\tpl\kiwiki\partial\content.php(56): tpl_content()
  #6 D:\Projects\DokuWikiStick\dokuwiki\lib\tpl\kiwiki\main.php(77): include('...')
  #7 D:\Projects\DokuWikiStick\dokuwiki\inc\actions.php(30): include('...')
  #8 D:\Projects\DokuWikiStick\dokuwiki\doku.php(131): act_dispatch()
  #9 {main}
2025-03-14 06:28:59	D:\Projects\DokuWikiStick\dokuwiki\lib\plugins\toctweak\action\rendertoc.php(217)	TypeError: Cannot access offset of type string on string
  #0 D:\Projects\DokuWikiStick\dokuwiki\inc\Extension\EventHandler.php(80): action_plugin_toctweak_rendertoc->handleContentDisplay()
  #1 D:\Projects\DokuWikiStick\dokuwiki\inc\Extension\Event.php(75): dokuwiki\Extension\EventHandler->process_event()
  #2 D:\Projects\DokuWikiStick\dokuwiki\inc\Extension\Event.php(133): dokuwiki\Extension\Event->advise_before()
  #3 D:\Projects\DokuWikiStick\dokuwiki\inc\Extension\Event.php(200): dokuwiki\Extension\Event->trigger()
  #4 D:\Projects\DokuWikiStick\dokuwiki\inc\template.php(104): dokuwiki\Extension\Event::createAndTrigger()
  #5 D:\Projects\DokuWikiStick\dokuwiki\lib\tpl\kiwiki\partial\content.php(56): tpl_content()
  #6 D:\Projects\DokuWikiStick\dokuwiki\lib\tpl\kiwiki\main.php(77): include('...')
  #7 D:\Projects\DokuWikiStick\dokuwiki\inc\actions.php(30): include('...')
  #8 D:\Projects\DokuWikiStick\dokuwiki\doku.php(131): act_dispatch()
  #9 {main}
2025-03-14 06:29:00	D:\Projects\DokuWikiStick\dokuwiki\lib\plugins\toctweak\action\rendertoc.php(217)	TypeError: Cannot access offset of type string on string
  #0 D:\Projects\DokuWikiStick\dokuwiki\inc\Extension\EventHandler.php(80): action_plugin_toctweak_rendertoc->handleContentDisplay()
  #1 D:\Projects\DokuWikiStick\dokuwiki\inc\Extension\Event.php(75): dokuwiki\Extension\EventHandler->process_event()
  #2 D:\Projects\DokuWikiStick\dokuwiki\inc\Extension\Event.php(133): dokuwiki\Extension\Event->advise_before()
  #3 D:\Projects\DokuWikiStick\dokuwiki\inc\Extension\Event.php(200): dokuwiki\Extension\Event->trigger()
  #4 D:\Projects\DokuWikiStick\dokuwiki\inc\template.php(104): dokuwiki\Extension\Event::createAndTrigger()
  #5 D:\Projects\DokuWikiStick\dokuwiki\lib\tpl\kiwiki\partial\content.php(56): tpl_content()
  #6 D:\Projects\DokuWikiStick\dokuwiki\lib\tpl\kiwiki\main.php(77): include('...')
  #7 D:\Projects\DokuWikiStick\dokuwiki\inc\actions.php(30): include('...')
  #8 D:\Projects\DokuWikiStick\dokuwiki\doku.php(131): act_dispatch()
  #9 {main}
2025-03-14 06:36:44	D:\Projects\DokuWikiStick\dokuwiki\lib\plugins\toctweak\action\rendertoc.php(217)	TypeError: Cannot access offset of type string on string
  #0 D:\Projects\DokuWikiStick\dokuwiki\inc\Extension\EventHandler.php(80): action_plugin_toctweak_rendertoc->handleContentDisplay()
  #1 D:\Projects\DokuWikiStick\dokuwiki\inc\Extension\Event.php(75): dokuwiki\Extension\EventHandler->process_event()
  #2 D:\Projects\DokuWikiStick\dokuwiki\inc\Extension\Event.php(133): dokuwiki\Extension\Event->advise_before()
  #3 D:\Projects\DokuWikiStick\dokuwiki\inc\Extension\Event.php(200): dokuwiki\Extension\Event->trigger()
  #4 D:\Projects\DokuWikiStick\dokuwiki\inc\template.php(104): dokuwiki\Extension\Event::createAndTrigger()
  #5 D:\Projects\DokuWikiStick\dokuwiki\lib\tpl\kiwiki\partial\content.php(56): tpl_content()
  #6 D:\Projects\DokuWikiStick\dokuwiki\lib\tpl\kiwiki\main.php(77): include('...')
  #7 D:\Projects\DokuWikiStick\dokuwiki\inc\actions.php(30): include('...')
  #8 D:\Projects\DokuWikiStick\dokuwiki\doku.php(131): act_dispatch()
  #9 {main}
2025-03-14 06:53:50	D:\Projects\DokuWikiStick\dokuwiki\inc\JpegMeta.php(3183)	E_WARNING: JPEGMeta failed parsing image metadata of D:/Projects/DokuWikiStick/dokuwiki/data/media/paradise-papers-artwork-1600w.jpg. Got 22 instead of 29 bytes at offset 0.
  #0 D:\Projects\DokuWikiStick\dokuwiki\inc\JpegMeta.php(1574): JpegMeta->_getFixedString()
  #1 D:\Projects\DokuWikiStick\dokuwiki\inc\JpegMeta.php(345): JpegMeta->_parseMarkerXmp()
  #2 D:\Projects\DokuWikiStick\dokuwiki\inc\JpegMeta.php(152): JpegMeta->getXmpField()
  #3 D:\Projects\DokuWikiStick\dokuwiki\inc\Ui\Media\DisplayRow.php(71): JpegMeta->getField()
  #4 D:\Projects\DokuWikiStick\dokuwiki\inc\Ui\Media\DisplayRow.php(51): dokuwiki\Ui\Media\DisplayRow->showDetails()
  #5 D:\Projects\DokuWikiStick\dokuwiki\inc\media.php(752): dokuwiki\Ui\Media\DisplayRow->show()
  #6 D:\Projects\DokuWikiStick\dokuwiki\inc\template.php(1424): media_filelist()
  #7 D:\Projects\DokuWikiStick\dokuwiki\lib\tpl\kiwiki\mediamanager.php(42): tpl_mediaContent()
  #8 D:\Projects\DokuWikiStick\dokuwiki\lib\exe\mediamanager.php(130): include('...')
  #9 {main}
2025-03-14 07:06:49	D:\Projects\DokuWikiStick\dokuwiki\inc\JpegMeta.php(3183)	E_WARNING: JPEGMeta failed parsing image metadata of D:/Projects/DokuWikiStick/dokuwiki/data/media/paradise-papers-artwork-1600w.jpg. Got 22 instead of 29 bytes at offset 0.
  #0 D:\Projects\DokuWikiStick\dokuwiki\inc\JpegMeta.php(1574): JpegMeta->_getFixedString()
  #1 D:\Projects\DokuWikiStick\dokuwiki\inc\JpegMeta.php(345): JpegMeta->_parseMarkerXmp()
  #2 D:\Projects\DokuWikiStick\dokuwiki\inc\JpegMeta.php(152): JpegMeta->getXmpField()
  #3 D:\Projects\DokuWikiStick\dokuwiki\inc\Ui\Media\DisplayRow.php(71): JpegMeta->getField()
  #4 D:\Projects\DokuWikiStick\dokuwiki\inc\Ui\Media\DisplayRow.php(51): dokuwiki\Ui\Media\DisplayRow->showDetails()
  #5 D:\Projects\DokuWikiStick\dokuwiki\inc\media.php(752): dokuwiki\Ui\Media\DisplayRow->show()
  #6 D:\Projects\DokuWikiStick\dokuwiki\inc\template.php(1424): media_filelist()
  #7 D:\Projects\DokuWikiStick\dokuwiki\lib\tpl\kiwiki\mediamanager.php(42): tpl_mediaContent()
  #8 D:\Projects\DokuWikiStick\dokuwiki\lib\exe\mediamanager.php(130): include('...')
  #9 {main}
2025-03-14 07:07:20	D:\Projects\DokuWikiStick\dokuwiki\inc\JpegMeta.php(3183)	E_WARNING: JPEGMeta failed parsing image metadata of D:/Projects/DokuWikiStick/dokuwiki/data/media/paradise-papers-artwork-1600w.jpg. Got 22 instead of 29 bytes at offset 0.
  #0 D:\Projects\DokuWikiStick\dokuwiki\inc\JpegMeta.php(1574): JpegMeta->_getFixedString()
  #1 D:\Projects\DokuWikiStick\dokuwiki\inc\JpegMeta.php(345): JpegMeta->_parseMarkerXmp()
  #2 D:\Projects\DokuWikiStick\dokuwiki\inc\JpegMeta.php(152): JpegMeta->getXmpField()
  #3 D:\Projects\DokuWikiStick\dokuwiki\inc\Ui\Media\DisplayRow.php(71): JpegMeta->getField()
  #4 D:\Projects\DokuWikiStick\dokuwiki\inc\Ui\Media\DisplayRow.php(51): dokuwiki\Ui\Media\DisplayRow->showDetails()
  #5 D:\Projects\DokuWikiStick\dokuwiki\inc\media.php(752): dokuwiki\Ui\Media\DisplayRow->show()
  #6 D:\Projects\DokuWikiStick\dokuwiki\inc\template.php(1424): media_filelist()
  #7 D:\Projects\DokuWikiStick\dokuwiki\lib\tpl\kiwiki\mediamanager.php(42): tpl_mediaContent()
  #8 D:\Projects\DokuWikiStick\dokuwiki\lib\exe\mediamanager.php(130): include('...')
  #9 {main}
2025-03-14 07:38:46	D:\Projects\DokuWikiStick\dokuwiki\inc\JpegMeta.php(3183)	E_WARNING: JPEGMeta failed parsing image metadata of D:/Projects/DokuWikiStick/dokuwiki/data/media/paradise-papers-artwork-1600w.jpg. Got 22 instead of 29 bytes at offset 0.
  #0 D:\Projects\DokuWikiStick\dokuwiki\inc\JpegMeta.php(1574): JpegMeta->_getFixedString()
  #1 D:\Projects\DokuWikiStick\dokuwiki\inc\JpegMeta.php(345): JpegMeta->_parseMarkerXmp()
  #2 D:\Projects\DokuWikiStick\dokuwiki\inc\JpegMeta.php(152): JpegMeta->getXmpField()
  #3 D:\Projects\DokuWikiStick\dokuwiki\inc\Ui\Media\DisplayRow.php(71): JpegMeta->getField()
  #4 D:\Projects\DokuWikiStick\dokuwiki\inc\Ui\Media\DisplayRow.php(51): dokuwiki\Ui\Media\DisplayRow->showDetails()
  #5 D:\Projects\DokuWikiStick\dokuwiki\inc\media.php(752): dokuwiki\Ui\Media\DisplayRow->show()
  #6 D:\Projects\DokuWikiStick\dokuwiki\inc\template.php(1424): media_filelist()
  #7 D:\Projects\DokuWikiStick\dokuwiki\lib\tpl\kiwiki\mediamanager.php(42): tpl_mediaContent()
  #8 D:\Projects\DokuWikiStick\dokuwiki\lib\exe\mediamanager.php(130): include('...')
  #9 {main}
2025-03-14 07:38:53	D:\Projects\DokuWikiStick\dokuwiki\inc\JpegMeta.php(3183)	E_WARNING: JPEGMeta failed parsing image metadata of D:/Projects/DokuWikiStick/dokuwiki/data/media/paradise-papers-artwork-1600w.jpg. Got 22 instead of 29 bytes at offset 0.
  #0 D:\Projects\DokuWikiStick\dokuwiki\inc\JpegMeta.php(1574): JpegMeta->_getFixedString()
  #1 D:\Projects\DokuWikiStick\dokuwiki\inc\JpegMeta.php(345): JpegMeta->_parseMarkerXmp()
  #2 D:\Projects\DokuWikiStick\dokuwiki\inc\JpegMeta.php(152): JpegMeta->getXmpField()
  #3 D:\Projects\DokuWikiStick\dokuwiki\inc\Ui\Media\DisplayRow.php(71): JpegMeta->getField()
  #4 D:\Projects\DokuWikiStick\dokuwiki\inc\Ui\Media\DisplayRow.php(51): dokuwiki\Ui\Media\DisplayRow->showDetails()
  #5 D:\Projects\DokuWikiStick\dokuwiki\inc\media.php(752): dokuwiki\Ui\Media\DisplayRow->show()
  #6 D:\Projects\DokuWikiStick\dokuwiki\inc\template.php(1424): media_filelist()
  #7 D:\Projects\DokuWikiStick\dokuwiki\inc\Ajax.php(224): tpl_mediaContent()
  #8 D:\Projects\DokuWikiStick\dokuwiki\inc\Ajax.php(28): dokuwiki\Ajax->callMedialist()
  #9 D:\Projects\DokuWikiStick\dokuwiki\lib\exe\ajax.php(26): dokuwiki\Ajax->__construct()
  #10 {main}
2025-03-14 07:40:17	D:\Projects\DokuWikiStick\dokuwiki\inc\JpegMeta.php(3183)	E_WARNING: JPEGMeta failed parsing image metadata of D:/Projects/DokuWikiStick/dokuwiki/data/media/paradise-papers-artwork-1600w.jpg. Got 22 instead of 29 bytes at offset 0.
  #0 D:\Projects\DokuWikiStick\dokuwiki\inc\JpegMeta.php(1574): JpegMeta->_getFixedString()
  #1 D:\Projects\DokuWikiStick\dokuwiki\inc\JpegMeta.php(345): JpegMeta->_parseMarkerXmp()
  #2 D:\Projects\DokuWikiStick\dokuwiki\inc\JpegMeta.php(152): JpegMeta->getXmpField()
  #3 D:\Projects\DokuWikiStick\dokuwiki\inc\Ui\Media\DisplayRow.php(71): JpegMeta->getField()
  #4 D:\Projects\DokuWikiStick\dokuwiki\inc\Ui\Media\DisplayRow.php(51): dokuwiki\Ui\Media\DisplayRow->showDetails()
  #5 D:\Projects\DokuWikiStick\dokuwiki\inc\media.php(752): dokuwiki\Ui\Media\DisplayRow->show()
  #6 D:\Projects\DokuWikiStick\dokuwiki\inc\template.php(1424): media_filelist()
  #7 D:\Projects\DokuWikiStick\dokuwiki\lib\tpl\kiwiki\mediamanager.php(42): tpl_mediaContent()
  #8 D:\Projects\DokuWikiStick\dokuwiki\lib\exe\mediamanager.php(130): include('...')
  #9 {main}
2025-03-14 07:40:42	D:\Projects\DokuWikiStick\dokuwiki\inc\JpegMeta.php(3183)	E_WARNING: JPEGMeta failed parsing image metadata of D:/Projects/DokuWikiStick/dokuwiki/data/media/paradise-papers-artwork-1600w.jpg. Got 22 instead of 29 bytes at offset 0.
  #0 D:\Projects\DokuWikiStick\dokuwiki\inc\JpegMeta.php(1574): JpegMeta->_getFixedString()
  #1 D:\Projects\DokuWikiStick\dokuwiki\inc\JpegMeta.php(345): JpegMeta->_parseMarkerXmp()
  #2 D:\Projects\DokuWikiStick\dokuwiki\inc\JpegMeta.php(152): JpegMeta->getXmpField()
  #3 D:\Projects\DokuWikiStick\dokuwiki\inc\Ui\Media\DisplayRow.php(71): JpegMeta->getField()
  #4 D:\Projects\DokuWikiStick\dokuwiki\inc\Ui\Media\DisplayRow.php(51): dokuwiki\Ui\Media\DisplayRow->showDetails()
  #5 D:\Projects\DokuWikiStick\dokuwiki\inc\media.php(752): dokuwiki\Ui\Media\DisplayRow->show()
  #6 D:\Projects\DokuWikiStick\dokuwiki\inc\template.php(1424): media_filelist()
  #7 D:\Projects\DokuWikiStick\dokuwiki\lib\tpl\kiwiki\mediamanager.php(42): tpl_mediaContent()
  #8 D:\Projects\DokuWikiStick\dokuwiki\lib\exe\mediamanager.php(130): include('...')
  #9 {main}
2025-03-14 07:43:28	D:\Projects\DokuWikiStick\dokuwiki\inc\JpegMeta.php(3183)	E_WARNING: JPEGMeta failed parsing image metadata of D:/Projects/DokuWikiStick/dokuwiki/data/media/paradise-papers-artwork-1600w.jpg. Got 22 instead of 29 bytes at offset 0.
  #0 D:\Projects\DokuWikiStick\dokuwiki\inc\JpegMeta.php(1574): JpegMeta->_getFixedString()
  #1 D:\Projects\DokuWikiStick\dokuwiki\inc\JpegMeta.php(345): JpegMeta->_parseMarkerXmp()
  #2 D:\Projects\DokuWikiStick\dokuwiki\inc\JpegMeta.php(152): JpegMeta->getXmpField()
  #3 D:\Projects\DokuWikiStick\dokuwiki\inc\Ui\Media\DisplayRow.php(71): JpegMeta->getField()
  #4 D:\Projects\DokuWikiStick\dokuwiki\inc\Ui\Media\DisplayRow.php(51): dokuwiki\Ui\Media\DisplayRow->showDetails()
  #5 D:\Projects\DokuWikiStick\dokuwiki\inc\media.php(752): dokuwiki\Ui\Media\DisplayRow->show()
  #6 D:\Projects\DokuWikiStick\dokuwiki\inc\template.php(1424): media_filelist()
  #7 D:\Projects\DokuWikiStick\dokuwiki\lib\tpl\kiwiki\mediamanager.php(42): tpl_mediaContent()
  #8 D:\Projects\DokuWikiStick\dokuwiki\lib\exe\mediamanager.php(130): include('...')
  #9 {main}
2025-03-14 07:43:33	D:\Projects\DokuWikiStick\dokuwiki\inc\JpegMeta.php(3183)	E_WARNING: JPEGMeta failed parsing image metadata of D:/Projects/DokuWikiStick/dokuwiki/data/media/paradise-papers-artwork-1600w.jpg. Got 22 instead of 29 bytes at offset 0.
  #0 D:\Projects\DokuWikiStick\dokuwiki\inc\JpegMeta.php(1574): JpegMeta->_getFixedString()
  #1 D:\Projects\DokuWikiStick\dokuwiki\inc\JpegMeta.php(345): JpegMeta->_parseMarkerXmp()
  #2 D:\Projects\DokuWikiStick\dokuwiki\inc\JpegMeta.php(152): JpegMeta->getXmpField()
  #3 D:\Projects\DokuWikiStick\dokuwiki\inc\Ui\Media\DisplayRow.php(71): JpegMeta->getField()
  #4 D:\Projects\DokuWikiStick\dokuwiki\inc\Ui\Media\DisplayRow.php(51): dokuwiki\Ui\Media\DisplayRow->showDetails()
  #5 D:\Projects\DokuWikiStick\dokuwiki\inc\media.php(752): dokuwiki\Ui\Media\DisplayRow->show()
  #6 D:\Projects\DokuWikiStick\dokuwiki\inc\template.php(1424): media_filelist()
  #7 D:\Projects\DokuWikiStick\dokuwiki\inc\Ajax.php(224): tpl_mediaContent()
  #8 D:\Projects\DokuWikiStick\dokuwiki\inc\Ajax.php(28): dokuwiki\Ajax->callMedialist()
  #9 D:\Projects\DokuWikiStick\dokuwiki\lib\exe\ajax.php(26): dokuwiki\Ajax->__construct()
  #10 {main}
2025-03-14 07:47:57	D:\Projects\DokuWikiStick\dokuwiki\inc\JpegMeta.php(3183)	E_WARNING: JPEGMeta failed parsing image metadata of D:/Projects/DokuWikiStick/dokuwiki/data/media/paradise-papers-artwork-1600w.jpg. Got 22 instead of 29 bytes at offset 0.
  #0 D:\Projects\DokuWikiStick\dokuwiki\inc\JpegMeta.php(1574): JpegMeta->_getFixedString()
  #1 D:\Projects\DokuWikiStick\dokuwiki\inc\JpegMeta.php(345): JpegMeta->_parseMarkerXmp()
  #2 D:\Projects\DokuWikiStick\dokuwiki\inc\JpegMeta.php(152): JpegMeta->getXmpField()
  #3 D:\Projects\DokuWikiStick\dokuwiki\inc\Ui\Media\DisplayRow.php(71): JpegMeta->getField()
  #4 D:\Projects\DokuWikiStick\dokuwiki\inc\Ui\Media\DisplayRow.php(51): dokuwiki\Ui\Media\DisplayRow->showDetails()
  #5 D:\Projects\DokuWikiStick\dokuwiki\inc\media.php(752): dokuwiki\Ui\Media\DisplayRow->show()
  #6 D:\Projects\DokuWikiStick\dokuwiki\inc\template.php(1424): media_filelist()
  #7 D:\Projects\DokuWikiStick\dokuwiki\lib\tpl\kiwiki\mediamanager.php(42): tpl_mediaContent()
  #8 D:\Projects\DokuWikiStick\dokuwiki\lib\exe\mediamanager.php(130): include('...')
  #9 {main}
2025-03-14 07:48:06	D:\Projects\DokuWikiStick\dokuwiki\inc\JpegMeta.php(3183)	E_WARNING: JPEGMeta failed parsing image metadata of D:/Projects/DokuWikiStick/dokuwiki/data/media/paradise-papers-artwork-1600w.jpg. Got 22 instead of 29 bytes at offset 0.
  #0 D:\Projects\DokuWikiStick\dokuwiki\inc\JpegMeta.php(1574): JpegMeta->_getFixedString()
  #1 D:\Projects\DokuWikiStick\dokuwiki\inc\JpegMeta.php(345): JpegMeta->_parseMarkerXmp()
  #2 D:\Projects\DokuWikiStick\dokuwiki\inc\JpegMeta.php(152): JpegMeta->getXmpField()
  #3 D:\Projects\DokuWikiStick\dokuwiki\inc\Ui\Media\DisplayRow.php(71): JpegMeta->getField()
  #4 D:\Projects\DokuWikiStick\dokuwiki\inc\Ui\Media\DisplayRow.php(51): dokuwiki\Ui\Media\DisplayRow->showDetails()
  #5 D:\Projects\DokuWikiStick\dokuwiki\inc\media.php(752): dokuwiki\Ui\Media\DisplayRow->show()
  #6 D:\Projects\DokuWikiStick\dokuwiki\inc\template.php(1424): media_filelist()
  #7 D:\Projects\DokuWikiStick\dokuwiki\inc\Ajax.php(224): tpl_mediaContent()
  #8 D:\Projects\DokuWikiStick\dokuwiki\inc\Ajax.php(28): dokuwiki\Ajax->callMedialist()
  #9 D:\Projects\DokuWikiStick\dokuwiki\lib\exe\ajax.php(26): dokuwiki\Ajax->__construct()
  #10 {main}
2025-03-14 07:48:24	D:\Projects\DokuWikiStick\dokuwiki\inc\JpegMeta.php(3183)	E_WARNING: JPEGMeta failed parsing image metadata of D:/Projects/DokuWikiStick/dokuwiki/data/media/paradise-papers-artwork-1600w.jpg. Got 22 instead of 29 bytes at offset 0.
  #0 D:\Projects\DokuWikiStick\dokuwiki\inc\JpegMeta.php(1574): JpegMeta->_getFixedString()
  #1 D:\Projects\DokuWikiStick\dokuwiki\inc\JpegMeta.php(345): JpegMeta->_parseMarkerXmp()
  #2 D:\Projects\DokuWikiStick\dokuwiki\inc\JpegMeta.php(152): JpegMeta->getXmpField()
  #3 D:\Projects\DokuWikiStick\dokuwiki\inc\Ui\Media\DisplayRow.php(71): JpegMeta->getField()
  #4 D:\Projects\DokuWikiStick\dokuwiki\inc\Ui\Media\DisplayRow.php(51): dokuwiki\Ui\Media\DisplayRow->showDetails()
  #5 D:\Projects\DokuWikiStick\dokuwiki\inc\media.php(752): dokuwiki\Ui\Media\DisplayRow->show()
  #6 D:\Projects\DokuWikiStick\dokuwiki\inc\template.php(1424): media_filelist()
  #7 D:\Projects\DokuWikiStick\dokuwiki\lib\tpl\kiwiki\mediamanager.php(42): tpl_mediaContent()
  #8 D:\Projects\DokuWikiStick\dokuwiki\lib\exe\mediamanager.php(130): include('...')
  #9 {main}
